<?xml version="1.0" encoding="UTF-8"?>
<!-- Generated by org.testng.reporters.JUnitReportReporter -->
<testsuite hostname="Saras-MBP" failures="0" tests="1" name="saucedemo.loginTest" time="4.990" errors="0" timestamp="2023-11-05T21:15:26 GST" skipped="0">
  <testcase classname="saucedemo.loginTest" name="positiveLogin" time="4.990"/>
  <system-out/>
</testsuite> <!-- saucedemo.loginTest -->
