<?xml version="1.0" encoding="UTF-8"?>
<!-- Generated by org.testng.reporters.JUnitReportReporter -->
<testsuite hostname="Saras-MBP" failures="0" tests="2" name="saucedemo.TestCases" time="9.211" errors="0" timestamp="2023-11-05T21:17:27 GST" skipped="0">
  <testcase classname="saucedemo.TestCases" name="positiveLogin" time="4.485"/>
  <system-out/>
  <testcase classname="saucedemo.TestCases" name="Purchase" time="4.726"/>
  <system-out/>
</testsuite> <!-- saucedemo.TestCases -->
